<?xml version="1.0" encoding="UTF-8"?>
<!-- Generated by org.testng.reporters.JUnitXMLReporter -->
<testsuite hostname="CSMBHUD347" ignored="0" name="ScenarioTesting" tests="6" failures="0" timestamp="2021-12-09T15:03:20 IST" time="103.604" errors="0">
  <testcase name="LoggingIn" time="14.74" classname="com.PG.Tests.ApplyingCAFWithDifferentBoards"/>
  <testcase name="SubmissionCAFWithOdishaBoard" time="15.104" classname="com.PG.Tests.ApplyingCAFWithDifferentBoards"/>
  <testcase name="SubmissionCAFWithNonOdishaBoard" time="11.82" classname="com.PG.Tests.ApplyingCAFWithDifferentBoards"/>
  <testcase name="LoggingIn" time="11.612" classname="com.PG.Tests.ApplyingCAFWithDiffernetExamType"/>
  <testcase name="SubmittingCAFwithAnnualExam" time="18.014" classname="com.PG.Tests.ApplyingCAFWithDiffernetExamType"/>
  <testcase name="SubmittingCAFwithSupplementaryExam" time="11.814" classname="com.PG.Tests.ApplyingCAFWithDiffernetExamType"/>
</testsuite> <!-- ScenarioTesting -->
